Build started 2017/5/13 16:58:48.
     1>Project "F:\project\ExcelParse\ExcelParse\ExcelParse\ExcelParse.vcxproj" on node 2 (build target(s)).
     1>InitializeBuildStatus:
         Creating "Debug\ExcelParse.unsuccessfulbuild" because "AlwaysCreate" was specified.
       ClCompile:
         All outputs are up-to-date.
         All outputs are up-to-date.
       ResourceCompile:
         All outputs are up-to-date.
       ManifestResourceCompile:
         All outputs are up-to-date.
       Link:
         All outputs are up-to-date.
       Manifest:
         All outputs are up-to-date.
         All outputs are up-to-date.
       FinalizeBuildStatus:
         Deleting file "Debug\ExcelParse.unsuccessfulbuild".
         Touching "Debug\ExcelParse.lastbuildstate".
     1>Done Building Project "F:\project\ExcelParse\ExcelParse\ExcelParse\ExcelParse.vcxproj" (build target(s)).

生成成功。

Time Elapsed 00:00:00.03
