F:\PROJECT\EXCELPARSE\EXCELPARSE\DEBUG\EXCELPARSE.EXE
F:\PROJECT\EXCELPARSE\EXCELPARSE\DEBUG\EXCELPARSE.ILK
F:\PROJECT\EXCELPARSE\EXCELPARSE\DEBUG\EXCELPARSE.PDB
F:\project\ExcelParse\ExcelParse\ExcelParse\Debug\cl.command.1.tlog
F:\project\ExcelParse\ExcelParse\ExcelParse\Debug\CL.read.1.tlog
F:\project\ExcelParse\ExcelParse\ExcelParse\Debug\CL.write.1.tlog
F:\PROJECT\EXCELPARSE\EXCELPARSE\EXCELPARSE\DEBUG\EXCELHANDLER.OBJ
F:\PROJECT\EXCELPARSE\EXCELPARSE\EXCELPARSE\DEBUG\EXCELPARSE.EXE.EMBED.MANIFEST
F:\PROJECT\EXCELPARSE\EXCELPARSE\EXCELPARSE\DEBUG\EXCELPARSE.EXE.EMBED.MANIFEST.RES
F:\PROJECT\EXCELPARSE\EXCELPARSE\EXCELPARSE\DEBUG\EXCELPARSE.EXE.INTERMEDIATE.MANIFEST
F:\PROJECT\EXCELPARSE\EXCELPARSE\EXCELPARSE\DEBUG\EXCELPARSE.OBJ
F:\PROJECT\EXCELPARSE\EXCELPARSE\EXCELPARSE\DEBUG\EXCELPARSE.PCH
F:\PROJECT\EXCELPARSE\EXCELPARSE\EXCELPARSE\DEBUG\EXCELPARSE.RES
F:\project\ExcelParse\ExcelParse\ExcelParse\Debug\ExcelParse.write.1.tlog
F:\project\ExcelParse\ExcelParse\ExcelParse\Debug\ExcelParse_manifest.rc
F:\PROJECT\EXCELPARSE\EXCELPARSE\EXCELPARSE\DEBUG\EXCELPARSEDLG.OBJ
F:\PROJECT\EXCELPARSE\EXCELPARSE\EXCELPARSE\DEBUG\FORMATTRANSFER.OBJ
F:\project\ExcelParse\ExcelParse\ExcelParse\Debug\link.command.1.tlog
F:\project\ExcelParse\ExcelParse\ExcelParse\Debug\link.read.1.tlog
F:\project\ExcelParse\ExcelParse\ExcelParse\Debug\link.write.1.tlog
F:\project\ExcelParse\ExcelParse\ExcelParse\Debug\link-cvtres.read.1.tlog
F:\project\ExcelParse\ExcelParse\ExcelParse\Debug\link-cvtres.write.1.tlog
F:\project\ExcelParse\ExcelParse\ExcelParse\Debug\mt.command.1.tlog
F:\project\ExcelParse\ExcelParse\ExcelParse\Debug\mt.read.1.tlog
F:\project\ExcelParse\ExcelParse\ExcelParse\Debug\mt.write.1.tlog
F:\PROJECT\EXCELPARSE\EXCELPARSE\EXCELPARSE\DEBUG\OPERATEEXCELFILE.OBJ
F:\PROJECT\EXCELPARSE\EXCELPARSE\EXCELPARSE\DEBUG\OPERATEWORDFILE.OBJ
F:\project\ExcelParse\ExcelParse\ExcelParse\Debug\rc.command.1.tlog
F:\project\ExcelParse\ExcelParse\ExcelParse\Debug\rc.read.1.tlog
F:\project\ExcelParse\ExcelParse\ExcelParse\Debug\rc.write.1.tlog
F:\PROJECT\EXCELPARSE\EXCELPARSE\EXCELPARSE\DEBUG\READCONFIG.OBJ
F:\PROJECT\EXCELPARSE\EXCELPARSE\EXCELPARSE\DEBUG\STDAFX.OBJ
F:\project\ExcelParse\ExcelParse\ExcelParse\Debug\vc100.idb
F:\PROJECT\EXCELPARSE\EXCELPARSE\EXCELPARSE\DEBUG\VC100.PDB
